   1              		.file	"async.c"
   9              	.Ltext0:
  10              		.align	2
  11              		.global	ASYNC_IsFinished
  13              	ASYNC_IsFinished:
  14              	.LFB2:
  15              		.file 1 "async.c"
   1:async.c       **** /* ----------------------------------------------------------------------------
   2:async.c       ****  *         ATMEL Microcontroller Software Support 
   3:async.c       ****  * ----------------------------------------------------------------------------
   4:async.c       ****  * Copyright (c) 2008, Atmel Corporation
   5:async.c       ****  *
   6:async.c       ****  * All rights reserved.
   7:async.c       ****  *
   8:async.c       ****  * Redistribution and use in source and binary forms, with or without
   9:async.c       ****  * modification, are permitted provided that the following conditions are met:
  10:async.c       ****  *
  11:async.c       ****  * - Redistributions of source code must retain the above copyright notice,
  12:async.c       ****  * this list of conditions and the disclaimer below.
  13:async.c       ****  *
  14:async.c       ****  * Atmel's name may not be used to endorse or promote products derived from
  15:async.c       ****  * this software without specific prior written permission.
  16:async.c       ****  *
  17:async.c       ****  * DISCLAIMER: THIS SOFTWARE IS PROVIDED BY ATMEL "AS IS" AND ANY EXPRESS OR
  18:async.c       ****  * IMPLIED WARRANTIES, INCLUDING, BUT NOT LIMITED TO, THE IMPLIED WARRANTIES OF
  19:async.c       ****  * MERCHANTABILITY, FITNESS FOR A PARTICULAR PURPOSE AND NON-INFRINGEMENT ARE
  20:async.c       ****  * DISCLAIMED. IN NO EVENT SHALL ATMEL BE LIABLE FOR ANY DIRECT, INDIRECT,
  21:async.c       ****  * INCIDENTAL, SPECIAL, EXEMPLARY, OR CONSEQUENTIAL DAMAGES (INCLUDING, BUT NOT
  22:async.c       ****  * LIMITED TO, PROCUREMENT OF SUBSTITUTE GOODS OR SERVICES; LOSS OF USE, DATA,
  23:async.c       ****  * OR PROFITS; OR BUSINESS INTERRUPTION) HOWEVER CAUSED AND ON ANY THEORY OF
  24:async.c       ****  * LIABILITY, WHETHER IN CONTRACT, STRICT LIABILITY, OR TORT (INCLUDING
  25:async.c       ****  * NEGLIGENCE OR OTHERWISE) ARISING IN ANY WAY OUT OF THE USE OF THIS SOFTWARE,
  26:async.c       ****  * EVEN IF ADVISED OF THE POSSIBILITY OF SUCH DAMAGE.
  27:async.c       ****  * ----------------------------------------------------------------------------
  28:async.c       ****  */
  29:async.c       **** 
  30:async.c       **** //------------------------------------------------------------------------------
  31:async.c       **** //         Headers
  32:async.c       **** //------------------------------------------------------------------------------
  33:async.c       **** 
  34:async.c       **** #include "async.h"
  35:async.c       **** 
  36:async.c       **** //------------------------------------------------------------------------------
  37:async.c       **** //         Global functions
  38:async.c       **** //------------------------------------------------------------------------------
  39:async.c       **** 
  40:async.c       **** //------------------------------------------------------------------------------
  41:async.c       **** /// Returns 1 if the given transfer has ended; otherwise returns 0.
  42:async.c       **** /// \param pAsync  Pointer to an Async instance.
  43:async.c       **** //------------------------------------------------------------------------------
  44:async.c       **** unsigned char ASYNC_IsFinished(Async *pAsync)
  45:async.c       **** {
  16              		.loc 1 45 0
  17              		@ Function supports interworking.
  18              		@ args = 0, pretend = 0, frame = 0
  19              		@ frame_needed = 0, uses_anonymous_args = 0
  20              		@ link register save eliminated.
  21              	.LVL0:
  46:async.c       ****     return (pAsync->status != ASYNC_STATUS_PENDING);
  22              		.loc 1 46 0
  23 0000 0000D0E5 		ldrb	r0, [r0, #0]	@ zero_extendqisi2
  24              	.LVL1:
  47:async.c       **** }
  25              		.loc 1 47 0
  26 0004 FF0050E2 		subs	r0, r0, #255
  27 0008 0100A013 		movne	r0, #1
  28              		.loc 1 45 0
  29              		@ lr needed for prologue
  30              		.loc 1 47 0
  31 000c 1EFF2FE1 		bx	lr
  32              	.LFE2:
  59              	.Letext0:
DEFINED SYMBOLS
                            *ABS*:00000000 async.c
     /tmp/ccs6wOFr.s:13     .text:00000000 ASYNC_IsFinished
     /tmp/ccs6wOFr.s:23     .text:00000000 $a

NO UNDEFINED SYMBOLS
