   1              		.file	"delay.c"
   9              	.Ltext0:
  10              		.align	2
  11              		.global	delay_us
  13              	delay_us:
  14              	.LFB2:
  15              		.file 1 "delay.c"
   1:delay.c       **** #include "delay.h"
   2:delay.c       **** 
   3:delay.c       **** void delay_us(int delay)
   4:delay.c       **** {
  16              		.loc 1 4 0
  17              		@ Function supports interworking.
  18              		@ args = 0, pretend = 0, frame = 0
  19              		@ frame_needed = 0, uses_anonymous_args = 0
  20              		@ link register save eliminated.
  21              	.LVL0:
  22              		@ lr needed for prologue
  23 0000 0C0000EA 		b	.L2
  24              	.L3:
   5:delay.c       ****   while(delay--)
   6:delay.c       ****   {
   7:delay.c       ****       __asm ("NOP");
  25              		.loc 1 7 0
  26 0004 0000A0E1 		NOP
   8:delay.c       ****       __asm ("NOP");
  27              		.loc 1 8 0
  28 0008 0000A0E1 		NOP
   9:delay.c       ****       __asm ("NOP");
  29              		.loc 1 9 0
  30 000c 0000A0E1 		NOP
  10:delay.c       ****       __asm ("NOP");
  31              		.loc 1 10 0
  32 0010 0000A0E1 		NOP
  11:delay.c       ****       __asm ("NOP");
  33              		.loc 1 11 0
  34 0014 0000A0E1 		NOP
  12:delay.c       ****       __asm ("NOP");
  35              		.loc 1 12 0
  36 0018 0000A0E1 		NOP
  13:delay.c       ****       __asm ("NOP");
  37              		.loc 1 13 0
  38 001c 0000A0E1 		NOP
  14:delay.c       ****       __asm ("NOP");
  39              		.loc 1 14 0
  40 0020 0000A0E1 		NOP
  15:delay.c       ****       __asm ("NOP");
  41              		.loc 1 15 0
  42 0024 0000A0E1 		NOP
  16:delay.c       ****       __asm ("NOP");
  43              		.loc 1 16 0
  44 0028 0000A0E1 		NOP
  17:delay.c       ****       __asm ("NOP");
  45              		.loc 1 17 0
  46 002c 0000A0E1 		NOP
  18:delay.c       ****       __asm ("NOP");
  47              		.loc 1 18 0
  48 0030 0000A0E1 		NOP
  19:delay.c       ****       __asm ("NOP");
  49              		.loc 1 19 0
  50 0034 0000A0E1 		NOP
  51              	.L2:
  52              		.loc 1 5 0
  53 0038 010050E2 		subs	r0, r0, #1
  54 003c FFFFFF2A 		bcs	.L3
  20:delay.c       ****   }
  21:delay.c       **** }
  55              		.loc 1 21 0
  56 0040 1EFF2FE1 		bx	lr
  57              	.LFE2:
  59              		.align	2
  60              		.global	delay_ms
  62              	delay_ms:
  63              	.LFB3:
  22:delay.c       **** 
  23:delay.c       **** void delay_ms(int delay)
  24:delay.c       **** {
  64              		.loc 1 24 0
  65              		@ Function supports interworking.
  66              		@ args = 0, pretend = 0, frame = 0
  67              		@ frame_needed = 0, uses_anonymous_args = 0
  68              	.LVL1:
  69 0044 30402DE9 		stmfd	sp!, {r4, r5, lr}
  70              	.LCFI0:
  71              		.loc 1 24 0
  72 0048 0040A0E1 		mov	r4, r0
  73 004c 190000EA 		b	.L7
  74              	.LVL2:
  75              	.L8:
  25:delay.c       ****   char i;
  26:delay.c       ****   while(delay--)
  76              		.loc 1 26 0
  77 0050 0050A0E3 		mov	r5, #0
  78              	.L9:
  27:delay.c       ****   {
  28:delay.c       ****     for(i = 0; i < 4; i++)
  29:delay.c       ****     {
  30:delay.c       ****       delay_us(250);
  79              		.loc 1 30 0
  80 0054 FA00A0E3 		mov	r0, #250
  81 0058 FEFFFFEB 		bl	delay_us
  82              		.loc 1 28 0
  83 005c 013085E2 		add	r3, r5, #1
  84 0060 FF5003E2 		and	r5, r3, #255
  85 0064 040055E3 		cmp	r5, #4
  86 0068 1300001A 		bne	.L9
  87              	.LVL3:
  88              	.L7:
  89              		.loc 1 26 0
  90 006c 014054E2 		subs	r4, r4, #1
  91 0070 1200002A 		bcs	.L8
  31:delay.c       ****     }
  32:delay.c       ****   }
  33:delay.c       **** }
  92              		.loc 1 33 0
  93 0074 3040BDE8 		ldmfd	sp!, {r4, r5, lr}
  94 0078 1EFF2FE1 		bx	lr
  95              	.LFE3:
 139              	.Letext0:
DEFINED SYMBOLS
                            *ABS*:00000000 delay.c
     /tmp/ccwHWwtT.s:13     .text:00000000 delay_us
     /tmp/ccwHWwtT.s:23     .text:00000000 $a
     /tmp/ccwHWwtT.s:62     .text:00000044 delay_ms

NO UNDEFINED SYMBOLS
